<?xml version="1.0" encoding="UTF-8"?>
<testng-results skipped="0" failed="0" ignored="0" total="1" passed="1">
  <reporter-output>
  </reporter-output>
  <suite name="SeleniumFrameworkPOMReports" duration-ms="16508" started-at="2020-05-04T20:13:15 CEST" finished-at="2020-05-04T20:13:32 CEST">
    <groups>
    </groups>
    <test name="Test - Login Page" duration-ms="16508" started-at="2020-05-04T20:13:15 CEST" finished-at="2020-05-04T20:13:32 CEST">
      <class name="test.LoginPageTest">
        <test-method status="PASS" signature="setUp()[pri:0, instance:test.LoginPageTest@67205a84]" name="setUp" is-config="true" duration-ms="16417" started-at="2020-05-04T20:13:15 CEST" finished-at="2020-05-04T20:13:32 CEST">
          <reporter-output>
          </reporter-output>
        </test-method> <!-- setUp -->
        <test-method status="PASS" signature="verifyPageTitle()[pri:0, instance:test.LoginPageTest@67205a84]" name="verifyPageTitle" duration-ms="14" started-at="2020-05-04T20:13:32 CEST" finished-at="2020-05-04T20:13:32 CEST">
          <reporter-output>
          </reporter-output>
        </test-method> <!-- verifyPageTitle -->
        <test-method status="PASS" signature="closeBrowser()[pri:0, instance:test.LoginPageTest@67205a84]" name="closeBrowser" is-config="true" duration-ms="36" started-at="2020-05-04T20:13:32 CEST" finished-at="2020-05-04T20:13:32 CEST">
          <reporter-output>
          </reporter-output>
        </test-method> <!-- closeBrowser -->
      </class> <!-- test.LoginPageTest -->
    </test> <!-- Test - Login Page -->
  </suite> <!-- SeleniumFrameworkPOMReports -->
</testng-results>
